#
# A fatal error has been detected by the Java Runtime Environment:
#
#  SIGSEGV (0xb) at pc=0x000000010ee25ce9, pid=13435, tid=23043
#
# JRE version: 7.0_25-b15
# Java VM: Java HotSpot(TM) 64-Bit Server VM (23.25-b01 mixed mode bsd-amd64 compressed oops)
# Problematic frame:
# C  [libswt-cocoa-3740.jnilib+0x25ce9]  callback+0x297
#
# Failed to write core dump. Core dumps have been disabled. To enable core dumping, try "ulimit -c unlimited" before starting Java again
#
# If you would like to submit a bug report, please visit:
#   http://bugreport.sun.com/bugreport/crash.jsp
#

---------------  T H R E A D  ---------------

Current thread (0x000000010105b000):  VMThread [stack: 0x00007000006af000,0x00007000007af000] [id=23043]

siginfo:si_signo=SIGSEGV: si_errno=0, si_code=1 (SEGV_MAPERR), si_addr=0x0000000000000078

Registers:
RAX=0x0000000000000000, RBX=0x00000001130ba4a0, RCX=0x00007000007ae854, RDX=0x0000000000000001
RSP=0x00007000007ae880, RBP=0x00007000007ae9b0, RSI=0x0000000000000000, RDI=0x0000000000000000
R8 =0x0000000000000001, R9 =0x000000011150f680, R10=0x000000010110f700, R11=0x000000010ed4b490
R12=0x00007fff8b5ef4c0, R13=0x00007fff8b5ef4c0, R14=0x0000000000000000, R15=0x0000000000000000
RIP=0x000000010ee25ce9, EFLAGS=0x0000000000010206, ERR=0x0000000000000004
  TRAPNO=0x000000000000000e

Top of Stack: (sp=0x00007000007ae880)
0x00007000007ae880:   000000010ee25adb 00007fff74d52320
0x00007000007ae890:   00007fff74d52318 0000000000000000
0x00007000007ae8a0:   00007fff8813d277 00007fff74885608
0x00007000007ae8b0:   00007fff8788aae4 000000010105b1d8
0x00007000007ae8c0:   000000010023ddc0 000000010011baf0
0x00007000007ae8d0:   0000000200010000 0000000000000000
0x00007000007ae8e0:   00007000007ae940 00007fff00000000
0x00007000007ae8f0:   00000001115fc080 000000011307fa10
0x00007000007ae900:   0000000000000020 00000001003153f0
0x00007000007ae910:   00007fff8813ec70 0000000000000000
0x00007000007ae920:   0000000000000001 000000011150f680
0x00007000007ae930:   0000000000000000 00000000000000e0
0x00007000007ae940:   00007000007aea10 00007fff8b5ef591
0x00007000007ae950:   000000011150f680 0000000000000001
0x00007000007ae960:   0000000000000000 0000000000000000
0x00007000007ae970:   00007fff8813d277 00000001130ba4a0
0x00007000007ae980:   00000001130a3b70 00007fff774584b0
0x00007000007ae990:   0000000000000000 0000000000000000
0x00007000007ae9a0:   0000000000000000 0000000000000000
0x00007000007ae9b0:   00007000007ae9d0 000000010ee0425e
0x00007000007ae9c0:   00007fff8813ec70 00000001003153f0
0x00007000007ae9d0:   00007000007aea10 00007fff8788ab5a
0x00007000007ae9e0:   00007fff84847c64 00007fff73f8cc80
0x00007000007ae9f0:   00007000007aea80 00000000000000f8
0x00007000007aea00:   0000000000000000 00000000000000e0
0x00007000007aea10:   00007000007aea50 00007fff879fd346
0x00007000007aea20:   0000000000000000 00000001130ba4a0
0x00007000007aea30:   00000000000000f8 00007fff8b5ef4c0
0x00007000007aea40:   0000000000000000 00007fff74e10800
0x00007000007aea50:   00007000007aead0 00007fff879fd115
0x00007000007aea60:   0000000000000000 0000000000000000
0x00007000007aea70:   00007fff740184e0 0000000119045d40 

Instructions: (pc=0x000000010ee25ce9)
0x000000010ee25cc9:   ff ff 01 00 00 00 48 8b 85 08 ff ff ff 48 85 c0
0x000000010ee25cd9:   0f 84 9f 03 00 00 48 8b 85 08 ff ff ff 48 8b 00
0x000000010ee25ce9:   48 8b 40 78 48 8b bd 08 ff ff ff ff d0 48 89 85
0x000000010ee25cf9:   30 ff ff ff 48 83 bd 30 ff ff ff 00 74 26 48 8b 

Register to memory mapping:

RAX=0x0000000000000000 is an unknown value
RBX=0x00000001130ba4a0 is an unknown value
RCX=0x00007000007ae854 is an unknown value
RDX=0x0000000000000001 is an unknown value
RSP=0x00007000007ae880 is an unknown value
RBP=0x00007000007ae9b0 is an unknown value
RSI=0x0000000000000000 is an unknown value
RDI=0x0000000000000000 is an unknown value
R8 =0x0000000000000001 is an unknown value
R9 =0x000000011150f680 is an unknown value
R10=0x000000010110f700 is an unknown value
R11=0x000000010ed4b490 is an unknown value
R12=0x00007fff8b5ef4c0: objc_msgSend+0 in /usr/lib/libobjc.A.dylib at 0x00007fff8b5ee000
R13=0x00007fff8b5ef4c0: objc_msgSend+0 in /usr/lib/libobjc.A.dylib at 0x00007fff8b5ee000
R14=0x0000000000000000 is an unknown value
R15=0x0000000000000000 is an unknown value


Stack: [0x00007000006af000,0x00007000007af000],  sp=0x00007000007ae880,  free space=1022k
Native frames: (J=compiled Java code, j=interpreted, Vv=VM code, C=native code)
C  [libswt-cocoa-3740.jnilib+0x25ce9]  callback+0x297
C  [libswt-cocoa-3740.jnilib+0x425e]  fn0_2+0x27
C  [AppKit+0x18ab5a]  -[NSWindow orderWindow:relativeTo:]+0x76
C  [AppKit+0x2fd346]  __18-[NSWindow _close]_block_invoke+0x1eb
C  [AppKit+0x2fd115]  -[NSWindow _close]+0x176
C  [FinderKit+0xa649b]  -[FI_TFloatingInputWindowController dealloc]+0x3b
C  [libobjc.A.dylib+0x92f4]  _ZN11objc_object17sidetable_releaseEb+0xf2
C  [AppKit+0x58995]  -[NSWindowController release]+0x9a
C  [FinderKit+0xa6d3a]  _ZN4TRefIP33FI_TFloatingInputWindowController23OBJCRetainReleasePolicyIS1_EED2Ev+0xc
C  [libsystem_c.dylib+0x5f463]  __cxa_finalize_ranges+0x159
C  [libsystem_c.dylib+0x5f767]  exit+0x37
V  [libjvm.dylib+0x28965c]
V  [libjvm.dylib+0x4aeaf9]
V  [libjvm.dylib+0x4ad87e]
V  [libjvm.dylib+0x4adc6c]
V  [libjvm.dylib+0x4ad61b]
V  [libjvm.dylib+0x3b95f9]
C  [libsystem_pthread.dylib+0x399d]  _pthread_body+0x83
C  [libsystem_pthread.dylib+0x391a]  _pthread_body+0x0
C  [libsystem_pthread.dylib+0x1351]  thread_start+0xd

VM_Operation (0x0000700001c6d778): Exit, mode: safepoint, requested by thread 0x0000000101650000


---------------  P R O C E S S  ---------------

Java Threads: ( => current thread )
  0x0000000101650000 JavaThread "SIGTERM handler" daemon [_thread_blocked, id=96787, stack(0x0000700001b6e000,0x0000700001c6e000)]
  0x0000000114293800 JavaThread "Thread-31" daemon [_thread_in_native, id=57863, stack(0x0000700000014000,0x0000700000094000)]
  0x000000010136b000 JavaThread "Worker-11" [_thread_blocked, id=92095, stack(0x0000700002086000,0x0000700002186000)]
  0x0000000113b75000 JavaThread "Worker-10" [_thread_blocked, id=81247, stack(0x0000700002d5b000,0x0000700002e5b000)]
  0x000000010143c000 JavaThread "Worker-9" [_thread_blocked, id=80415, stack(0x0000700002c58000,0x0000700002d58000)]
  0x00000001018f4800 JavaThread "Worker-8" [_thread_blocked, id=53639, stack(0x0000700002b55000,0x0000700002c55000)]
  0x00000001019ab000 JavaThread "Worker-7" [_thread_blocked, id=88239, stack(0x0000700001c74000,0x0000700001d74000)]
  0x0000000101860000 JavaThread "Worker-6" [_thread_blocked, id=75335, stack(0x000070000019a000,0x000070000029a000)]
  0x00000001014c5000 JavaThread "Timer-2" daemon [_thread_blocked, id=56843, stack(0x00007000028c9000,0x00007000029c9000)]
  0x0000000100947000 JavaThread "Timer-1" daemon [_thread_blocked, id=56095, stack(0x00007000027c6000,0x00007000028c6000)]
  0x000000011291b000 JavaThread "Thread-10" [_thread_in_native, id=55043, stack(0x00007000026c3000,0x00007000027c3000)]
  0x0000000102242800 JavaThread "IDLDT DOM Worker-3" [_thread_blocked, id=51203, stack(0x0000700002595000,0x0000700002695000)]
  0x0000000102320800 JavaThread "IDLDT DOM Worker-2" [_thread_blocked, id=50947, stack(0x0000700002492000,0x0000700002592000)]
  0x00000001014a8000 JavaThread "IDLDT DOM Worker-1" [_thread_blocked, id=50691, stack(0x000070000238f000,0x000070000248f000)]
  0x000000010196d800 JavaThread "IDLDT DOM Worker-0" [_thread_blocked, id=50435, stack(0x000070000228c000,0x000070000238c000)]
  0x00000001018bb800 JavaThread "Timer-0" daemon [_thread_blocked, id=50187, stack(0x0000700002189000,0x0000700002289000)]
  0x0000000112808800 JavaThread "Worker-2" [_thread_blocked, id=49679, stack(0x00007000019e8000,0x0000700001ae8000)]
  0x0000000101504800 JavaThread "IDL" [_thread_in_native, id=38915, stack(0x00007000018e5000,0x00007000019e5000)]
  0x0000000101213800 JavaThread "IDLToJava Broker" daemon [_thread_blocked, id=38659, stack(0x00007000017e2000,0x00007000018e2000)]
  0x0000000101210000 JavaThread "Provisioning Event Dispatcher" daemon [_thread_blocked, id=8203, stack(0x00007000016df000,0x00007000017df000)]
  0x00000001010c6000 JavaThread "Worker-0" [_thread_blocked, id=8967, stack(0x00007000015dc000,0x00007000016dc000)]
  0x0000000100813800 JavaThread "[ThreadPool Manager] - Idle Thread" daemon [_thread_blocked, id=7943, stack(0x0000700000097000,0x0000700000197000)]
  0x0000000100843000 JavaThread "Bundle File Closer" daemon [_thread_blocked, id=37379, stack(0x00007000012d3000,0x00007000013d3000)]
  0x000000010120d800 JavaThread "Worker-JM" [_thread_blocked, id=37123, stack(0x00007000014d9000,0x00007000015d9000)]
  0x0000000100893000 JavaThread "[Timer] - Main Queue Handler" daemon [_thread_blocked, id=36867, stack(0x00007000013d6000,0x00007000014d6000)]
  0x00000001008b1000 JavaThread "Framework Event Dispatcher" daemon [_thread_blocked, id=36631, stack(0x00007000011d0000,0x00007000012d0000)]
  0x000000010086e800 JavaThread "Start Level Event Dispatcher" daemon [_thread_blocked, id=36099, stack(0x00007000010cd000,0x00007000011cd000)]
  0x0000000102020000 JavaThread "State Data Manager" daemon [_thread_blocked, id=35843, stack(0x0000700000fca000,0x00007000010ca000)]
  0x00000001008a6000 JavaThread "Framework Active Thread" [_thread_blocked, id=35599, stack(0x0000700000ec7000,0x0000700000fc7000)]
  0x0000000100823000 JavaThread "Service Thread" daemon [_thread_blocked, id=25091, stack(0x0000700000cc1000,0x0000700000dc1000)]
  0x0000000100822800 JavaThread "C2 CompilerThread1" daemon [_thread_blocked, id=24835, stack(0x0000700000bbe000,0x0000700000cbe000)]
  0x0000000100821000 JavaThread "C2 CompilerThread0" daemon [_thread_blocked, id=24579, stack(0x0000700000abb000,0x0000700000bbb000)]
  0x000000010081f000 JavaThread "Signal Dispatcher" daemon [_thread_blocked, id=24075, stack(0x00007000009b8000,0x0000700000ab8000)]
  0x0000000100816800 JavaThread "Finalizer" daemon [_thread_blocked, id=23555, stack(0x00007000008b5000,0x00007000009b5000)]
  0x0000000100812800 JavaThread "Reference Handler" daemon [_thread_blocked, id=23299, stack(0x00007000007b2000,0x00007000008b2000)]
  0x0000000101009000 JavaThread "main" [_thread_in_native, id=1295, stack(0x00007fff5f400000,0x00007fff5fc00000)]

Other Threads:
=>0x000000010105b000 VMThread [stack: 0x00007000006af000,0x00007000007af000] [id=23043]

VM state:at safepoint (shutting down)

VM Mutex/Monitor currently owned by a thread:  ([mutex/lock_event])
[0x000000010020bb70] Threads_lock - owner thread: 0x000000010105b000

Heap
 PSYoungGen      total 273536K, used 42849K [0x00000007eaab0000, 0x00000007fd5d0000, 0x0000000800000000)
  eden space 243392K, 17% used [0x00000007eaab0000,0x00000007ed4887e8,0x00000007f9860000)
  from space 30144K, 0% used [0x00000007f9860000,0x00000007f9860000,0x00000007fb5d0000)
  to   space 30848K, 0% used [0x00000007fb7b0000,0x00000007fb7b0000,0x00000007fd5d0000)
 ParOldGen       total 87424K, used 40395K [0x00000007c0000000, 0x00000007c5560000, 0x00000007eaab0000)
  object space 87424K, 46% used [0x00000007c0000000,0x00000007c2772ef8,0x00000007c5560000)
 PSPermGen       total 83968K, used 50512K [0x00000007bae00000, 0x00000007c0000000, 0x00000007c0000000)
  object space 83968K, 60% used [0x00000007bae00000,0x00000007bdf542f8,0x00000007c0000000)

Card table byte_map: [0x0000000108d08000,0x0000000108f32000] byte_map_base: 0x0000000104f31000

Polling page: 0x0000000100751000

Code Cache  [0x0000000105c48000, 0x0000000106108000, 0x0000000108c48000)
 total_blobs=1795 nmethods=1266 adapters=480 free_code_cache=44407Kb largest_free_block=45378688

Compilation events (10 events):
Event: 385.932 Thread 0x0000000100822800 1354             java.text.StringCharacterIterator::getBeginIndex (5 bytes)
Event: 385.932 Thread 0x0000000100822800 nmethod 1354 0x00000001060d1ed0 code [0x00000001060d2000, 0x00000001060d2058]
Event: 386.088 Thread 0x0000000100821000 1355             org.eclipse.swt.widgets.Display::timerExec (341 bytes)
Event: 386.107 Thread 0x0000000100821000 nmethod 1355 0x00000001060daa50 code [0x00000001060dace0, 0x00000001060dbe80]
Event: 387.276 Thread 0x0000000100822800 1356             com.ibm.icu.text.UTF16::isTrailSurrogate (14 bytes)
Event: 387.276 Thread 0x0000000100821000 1357             com.ibm.icu.text.RuleBasedBreakIterator::CIPrevious32 (95 bytes)
Event: 387.276 Thread 0x0000000100822800 nmethod 1356 0x00000001060da850 code [0x00000001060da980, 0x00000001060da9d8]
Event: 387.277 Thread 0x0000000100822800 1358             java.text.StringCharacterIterator::previous (36 bytes)
Event: 387.278 Thread 0x0000000100822800 nmethod 1358 0x00000001060da510 code [0x00000001060da660, 0x00000001060da758]
Event: 387.279 Thread 0x0000000100821000 nmethod 1357 0x00000001060d9f50 code [0x00000001060da0c0, 0x00000001060da288]

GC Heap History (10 events):
Event: 203.070 GC heap before
{Heap before GC invocations=10 (full 1):
 PSYoungGen      total 273536K, used 19356K [0x00000007eaab0000, 0x00000007fd210000, 0x0000000800000000)
  eden space 244544K, 0% used [0x00000007eaab0000,0x00000007eaab0000,0x00000007f9980000)
  from space 28992K, 66% used [0x00000007f9980000,0x00000007fac67128,0x00000007fb5d0000)
  to   space 28928K, 0% used [0x00000007fb5d0000,0x00000007fb5d0000,0x00000007fd210000)
 ParOldGen       total 87424K, used 55864K [0x00000007c0000000, 0x00000007c5560000, 0x00000007eaab0000)
  object space 87424K, 63% used [0x00000007c0000000,0x00000007c368e030,0x00000007c5560000)
 PSPermGen       total 49664K, used 49496K [0x00000007bae00000, 0x00000007bde80000, 0x00000007c0000000)
  object space 49664K, 99% used [0x00000007bae00000,0x00000007bde561a0,0x00000007bde80000)
Event: 203.367 GC heap after
Heap after GC invocations=10 (full 1):
 PSYoungGen      total 273536K, used 0K [0x00000007eaab0000, 0x00000007fd210000, 0x0000000800000000)
  eden space 244544K, 0% used [0x00000007eaab0000,0x00000007eaab0000,0x00000007f9980000)
  from space 28992K, 0% used [0x00000007f9980000,0x00000007f9980000,0x00000007fb5d0000)
  to   space 28928K, 0% used [0x00000007fb5d0000,0x00000007fb5d0000,0x00000007fd210000)
 ParOldGen       total 87424K, used 57259K [0x00000007c0000000, 0x00000007c5560000, 0x00000007eaab0000)
  object space 87424K, 65% used [0x00000007c0000000,0x00000007c37eae40,0x00000007c5560000)
 PSPermGen       total 83968K, used 49476K [0x00000007bae00000, 0x00000007c0000000, 0x00000007c0000000)
  object space 83968K, 58% used [0x00000007bae00000,0x00000007bde51048,0x00000007c0000000)
}
Event: 263.034 GC heap before
{Heap before GC invocations=11 (full 1):
 PSYoungGen      total 273536K, used 113982K [0x00000007eaab0000, 0x00000007fd210000, 0x0000000800000000)
  eden space 244544K, 46% used [0x00000007eaab0000,0x00000007f19ffa18,0x00000007f9980000)
  from space 28992K, 0% used [0x00000007f9980000,0x00000007f9980000,0x00000007fb5d0000)
  to   space 28928K, 0% used [0x00000007fb5d0000,0x00000007fb5d0000,0x00000007fd210000)
 ParOldGen       total 87424K, used 57259K [0x00000007c0000000, 0x00000007c5560000, 0x00000007eaab0000)
  object space 87424K, 65% used [0x00000007c0000000,0x00000007c37eae40,0x00000007c5560000)
 PSPermGen       total 83968K, used 49781K [0x00000007bae00000, 0x00000007c0000000, 0x00000007c0000000)
  object space 83968K, 59% used [0x00000007bae00000,0x00000007bde9d5a8,0x00000007c0000000)
Event: 263.040 GC heap after
Heap after GC invocations=11 (full 1):
 PSYoungGen      total 272320K, used 1888K [0x00000007eaab0000, 0x00000007fd470000, 0x0000000800000000)
  eden space 243392K, 0% used [0x00000007eaab0000,0x00000007eaab0000,0x00000007f9860000)
  from space 28928K, 6% used [0x00000007fb5d0000,0x00000007fb7a8010,0x00000007fd210000)
  to   space 30144K, 0% used [0x00000007f9860000,0x00000007f9860000,0x00000007fb5d0000)
 ParOldGen       total 87424K, used 57259K [0x00000007c0000000, 0x00000007c5560000, 0x00000007eaab0000)
  object space 87424K, 65% used [0x00000007c0000000,0x00000007c37eae40,0x00000007c5560000)
 PSPermGen       total 83968K, used 49781K [0x00000007bae00000, 0x00000007c0000000, 0x00000007c0000000)
  object space 83968K, 59% used [0x00000007bae00000,0x00000007bde9d5a8,0x00000007c0000000)
}
Event: 263.040 GC heap before
{Heap before GC invocations=12 (full 2):
 PSYoungGen      total 272320K, used 1888K [0x00000007eaab0000, 0x00000007fd470000, 0x0000000800000000)
  eden space 243392K, 0% used [0x00000007eaab0000,0x00000007eaab0000,0x00000007f9860000)
  from space 28928K, 6% used [0x00000007fb5d0000,0x00000007fb7a8010,0x00000007fd210000)
  to   space 30144K, 0% used [0x00000007f9860000,0x00000007f9860000,0x00000007fb5d0000)
 ParOldGen       total 87424K, used 57259K [0x00000007c0000000, 0x00000007c5560000, 0x00000007eaab0000)
  object space 87424K, 65% used [0x00000007c0000000,0x00000007c37eae40,0x00000007c5560000)
 PSPermGen       total 83968K, used 49781K [0x00000007bae00000, 0x00000007c0000000, 0x00000007c0000000)
  object space 83968K, 59% used [0x00000007bae00000,0x00000007bde9d5a8,0x00000007c0000000)
Event: 263.194 GC heap after
Heap after GC invocations=12 (full 2):
 PSYoungGen      total 272320K, used 0K [0x00000007eaab0000, 0x00000007fd470000, 0x0000000800000000)
  eden space 243392K, 0% used [0x00000007eaab0000,0x00000007eaab0000,0x00000007f9860000)
  from space 28928K, 0% used [0x00000007fb5d0000,0x00000007fb5d0000,0x00000007fd210000)
  to   space 30144K, 0% used [0x00000007f9860000,0x00000007f9860000,0x00000007fb5d0000)
 ParOldGen       total 87424K, used 40165K [0x00000007c0000000, 0x00000007c5560000, 0x00000007eaab0000)
  object space 87424K, 45% used [0x00000007c0000000,0x00000007c2739438,0x00000007c5560000)
 PSPermGen       total 83968K, used 49780K [0x00000007bae00000, 0x00000007c0000000, 0x00000007c0000000)
  object space 83968K, 59% used [0x00000007bae00000,0x00000007bde9d028,0x00000007c0000000)
}
Event: 323.034 GC heap before
{Heap before GC invocations=13 (full 2):
 PSYoungGen      total 272320K, used 96163K [0x00000007eaab0000, 0x00000007fd470000, 0x0000000800000000)
  eden space 243392K, 39% used [0x00000007eaab0000,0x00000007f0898d60,0x00000007f9860000)
  from space 28928K, 0% used [0x00000007fb5d0000,0x00000007fb5d0000,0x00000007fd210000)
  to   space 30144K, 0% used [0x00000007f9860000,0x00000007f9860000,0x00000007fb5d0000)
 ParOldGen       total 87424K, used 40165K [0x00000007c0000000, 0x00000007c5560000, 0x00000007eaab0000)
  object space 87424K, 45% used [0x00000007c0000000,0x00000007c2739438,0x00000007c5560000)
 PSPermGen       total 83968K, used 49965K [0x00000007bae00000, 0x00000007c0000000, 0x00000007c0000000)
  object space 83968K, 59% used [0x00000007bae00000,0x00000007bdecb718,0x00000007c0000000)
Event: 323.052 GC heap after
Heap after GC invocations=13 (full 2):
 PSYoungGen      total 273536K, used 2083K [0x00000007eaab0000, 0x00000007fd5d0000, 0x0000000800000000)
  eden space 243392K, 0% used [0x00000007eaab0000,0x00000007eaab0000,0x00000007f9860000)
  from space 30144K, 6% used [0x00000007f9860000,0x00000007f9a68c28,0x00000007fb5d0000)
  to   space 30848K, 0% used [0x00000007fb7b0000,0x00000007fb7b0000,0x00000007fd5d0000)
 ParOldGen       total 87424K, used 40165K [0x00000007c0000000, 0x00000007c5560000, 0x00000007eaab0000)
  object space 87424K, 45% used [0x00000007c0000000,0x00000007c2739438,0x00000007c5560000)
 PSPermGen       total 83968K, used 49965K [0x00000007bae00000, 0x00000007c0000000, 0x00000007c0000000)
  object space 83968K, 59% used [0x00000007bae00000,0x00000007bdecb718,0x00000007c0000000)
}
Event: 323.052 GC heap before
{Heap before GC invocations=14 (full 3):
 PSYoungGen      total 273536K, used 2083K [0x00000007eaab0000, 0x00000007fd5d0000, 0x0000000800000000)
  eden space 243392K, 0% used [0x00000007eaab0000,0x00000007eaab0000,0x00000007f9860000)
  from space 30144K, 6% used [0x00000007f9860000,0x00000007f9a68c28,0x00000007fb5d0000)
  to   space 30848K, 0% used [0x00000007fb7b0000,0x00000007fb7b0000,0x00000007fd5d0000)
 ParOldGen       total 87424K, used 40165K [0x00000007c0000000, 0x00000007c5560000, 0x00000007eaab0000)
  object space 87424K, 45% used [0x00000007c0000000,0x00000007c2739438,0x00000007c5560000)
 PSPermGen       total 83968K, used 49965K [0x00000007bae00000, 0x00000007c0000000, 0x00000007c0000000)
  object space 83968K, 59% used [0x00000007bae00000,0x00000007bdecb718,0x00000007c0000000)
Event: 323.202 GC heap after
Heap after GC invocations=14 (full 3):
 PSYoungGen      total 273536K, used 0K [0x00000007eaab0000, 0x00000007fd5d0000, 0x0000000800000000)
  eden space 243392K, 0% used [0x00000007eaab0000,0x00000007eaab0000,0x00000007f9860000)
  from space 30144K, 0% used [0x00000007f9860000,0x00000007f9860000,0x00000007fb5d0000)
  to   space 30848K, 0% used [0x00000007fb7b0000,0x00000007fb7b0000,0x00000007fd5d0000)
 ParOldGen       total 87424K, used 40395K [0x00000007c0000000, 0x00000007c5560000, 0x00000007eaab0000)
  object space 87424K, 46% used [0x00000007c0000000,0x00000007c2772ef8,0x00000007c5560000)
 PSPermGen       total 83968K, used 49965K [0x00000007bae00000, 0x00000007c0000000, 0x00000007c0000000)
  object space 83968K, 59% used [0x00000007bae00000,0x00000007bdecb4f8,0x00000007c0000000)
}

Deoptimization events (10 events):
Event: 320.169 Thread 0x0000000101009000 Uncommon trap -58 fr.pc 0x0000000106058b08
Event: 320.170 Thread 0x0000000101009000 Uncommon trap -58 fr.pc 0x0000000106058b08
Event: 355.632 Thread 0x00000001018f4800 Uncommon trap -58 fr.pc 0x00000001060455c8
Event: 380.509 Thread 0x0000000101009000 Uncommon trap -58 fr.pc 0x00000001060f8648
Event: 380.510 Thread 0x0000000101009000 Uncommon trap -58 fr.pc 0x00000001060f8648
Event: 380.510 Thread 0x0000000101009000 Uncommon trap -58 fr.pc 0x00000001060f8648
Event: 380.540 Thread 0x0000000101009000 Uncommon trap -83 fr.pc 0x0000000105ed3090
Event: 380.551 Thread 0x0000000101009000 Uncommon trap -58 fr.pc 0x00000001060f8648
Event: 380.642 Thread 0x0000000101009000 Uncommon trap -58 fr.pc 0x00000001060e0dcc
Event: 380.642 Thread 0x0000000101009000 Uncommon trap -58 fr.pc 0x00000001060e0dcc

Internal exceptions (10 events):
Event: 378.487 Thread 0x000000010136b000 Threw 0x00000007eaceb908 at /HUDSON/workspace/jdk7u25-2-build-macosx-amd64-product/jdk7u25/hotspot/src/share/vm/prims/nativeLookup.
Event: 378.487 Thread 0x000000010136b000 Threw 0x00000007eacec458 at /HUDSON/workspace/jdk7u25-2-build-macosx-amd64-product/jdk7u25/hotspot/src/share/vm/prims/nativeLookup.
Event: 386.539 Thread 0x000000010143c000 Threw 0x00000007eafb0d30 at /HUDSON/workspace/jdk7u25-2-build-macosx-amd64-product/jdk7u25/hotspot/src/share/vm/prims/nativeLookup.
Event: 386.539 Thread 0x000000010143c000 Threw 0x00000007eafb1880 at /HUDSON/workspace/jdk7u25-2-build-macosx-amd64-product/jdk7u25/hotspot/src/share/vm/prims/nativeLookup.
Event: 394.541 Thread 0x0000000112808800 Threw 0x00000007eac9c288 at /HUDSON/workspace/jdk7u25-2-build-macosx-amd64-product/jdk7u25/hotspot/src/share/vm/prims/nativeLookup.
Event: 394.541 Thread 0x0000000112808800 Threw 0x00000007eac9cdd8 at /HUDSON/workspace/jdk7u25-2-build-macosx-amd64-product/jdk7u25/hotspot/src/share/vm/prims/nativeLookup.
Event: 402.545 Thread 0x0000000112808800 Threw 0x00000007eac9ddc0 at /HUDSON/workspace/jdk7u25-2-build-macosx-amd64-product/jdk7u25/hotspot/src/share/vm/prims/nativeLookup.
Event: 402.545 Thread 0x0000000112808800 Threw 0x00000007eac9e910 at /HUDSON/workspace/jdk7u25-2-build-macosx-amd64-product/jdk7u25/hotspot/src/share/vm/prims/nativeLookup.
Event: 410.550 Thread 0x0000000112808800 Threw 0x00000007eac9f8f8 at /HUDSON/workspace/jdk7u25-2-build-macosx-amd64-product/jdk7u25/hotspot/src/share/vm/prims/nativeLookup.
Event: 410.550 Thread 0x0000000112808800 Threw 0x00000007eaca0448 at /HUDSON/workspace/jdk7u25-2-build-macosx-amd64-product/jdk7u25/hotspot/src/share/vm/prims/nativeLookup.

Events (10 events):
Event: 412.771 Thread 0x0000000101650000 Thread added: 0x0000000101650000
Event: 412.771 loading class 0x0000000100275c30
Event: 412.771 loading class 0x0000000100275c30 done
Event: 412.771 loading class 0x0000000100275d70
Event: 412.771 loading class 0x0000000100275db0
Event: 412.771 loading class 0x0000000100275db0 done
Event: 412.771 loading class 0x0000000100275d70 done
Event: 412.771 Thread 0x000000011401f000 Thread added: 0x000000011401f000
Event: 412.772 Thread 0x000000011401f000 Thread exited: 0x000000011401f000
Event: 412.772 Executing VM operation: Exit


Dynamic libraries:
0x0000000003de0000 	/System/Library/Frameworks/Cocoa.framework/Versions/A/Cocoa
0x0000000003de0000 	/usr/lib/libSystem.B.dylib
0x0000000003de0000 	/System/Library/Frameworks/CoreServices.framework/Versions/A/CoreServices
0x0000000003de0000 	/usr/lib/libobjc.A.dylib
0x0000000003de0000 	/System/Library/Frameworks/CoreFoundation.framework/Versions/A/CoreFoundation
0x0000000003de0000 	/System/Library/Frameworks/AppKit.framework/Versions/C/AppKit
0x0000000003de0000 	/System/Library/Frameworks/ApplicationServices.framework/Versions/A/ApplicationServices
0x0000000003de0000 	/System/Library/Frameworks/Foundation.framework/Versions/C/Foundation
0x0000000003de0000 	/System/Library/Frameworks/CoreData.framework/Versions/A/CoreData
0x0000000003de0000 	/System/Library/PrivateFrameworks/RemoteViewServices.framework/Versions/A/RemoteViewServices
0x0000000003de0000 	/System/Library/PrivateFrameworks/UIFoundation.framework/Versions/A/UIFoundation
0x0000000003de0000 	/usr/lib/libScreenReader.dylib
0x0000000003de0000 	/System/Library/Frameworks/Accelerate.framework/Versions/A/Accelerate
0x0000000003de0000 	/System/Library/Frameworks/IOSurface.framework/Versions/A/IOSurface
0x0000000003de0000 	/System/Library/Frameworks/AudioToolbox.framework/Versions/A/AudioToolbox
0x0000000003de0000 	/System/Library/Frameworks/AudioUnit.framework/Versions/A/AudioUnit
0x0000000003de0000 	/System/Library/PrivateFrameworks/DataDetectorsCore.framework/Versions/A/DataDetectorsCore
0x0000000003de0000 	/System/Library/PrivateFrameworks/DesktopServicesPriv.framework/Versions/A/DesktopServicesPriv
0x0000000003de0000 	/System/Library/Frameworks/Carbon.framework/Versions/A/Frameworks/HIToolbox.framework/Versions/A/HIToolbox
0x0000000003de0000 	/System/Library/Frameworks/QuartzCore.framework/Versions/A/QuartzCore
0x0000000003de0000 	/System/Library/Frameworks/Security.framework/Versions/A/Security
0x0000000003de0000 	/System/Library/Frameworks/Carbon.framework/Versions/A/Frameworks/SpeechRecognition.framework/Versions/A/SpeechRecognition
0x0000000003de0000 	/usr/lib/libauto.dylib
0x0000000003de0000 	/usr/lib/libicucore.A.dylib
0x0000000003de0000 	/usr/lib/libxml2.2.dylib
0x0000000003de0000 	/usr/lib/libz.1.dylib
0x0000000003de0000 	/System/Library/PrivateFrameworks/CoreUI.framework/Versions/A/CoreUI
0x0000000003de0000 	/System/Library/Frameworks/CoreAudio.framework/Versions/A/CoreAudio
0x0000000003de0000 	/System/Library/Frameworks/DiskArbitration.framework/Versions/A/DiskArbitration
0x0000000003de0000 	/usr/lib/liblangid.dylib
0x0000000003de0000 	/System/Library/PrivateFrameworks/MultitouchSupport.framework/Versions/A/MultitouchSupport
0x0000000003de0000 	/System/Library/Frameworks/IOKit.framework/Versions/A/IOKit
0x0000000003de0000 	/usr/lib/libDiagnosticMessagesClient.dylib
0x0000000003de0000 	/System/Library/PrivateFrameworks/PerformanceAnalysis.framework/Versions/A/PerformanceAnalysis
0x0000000003de0000 	/System/Library/PrivateFrameworks/GenerationalStorage.framework/Versions/A/GenerationalStorage
0x0000000003de0000 	/System/Library/Frameworks/OpenGL.framework/Versions/A/OpenGL
0x0000000003de0000 	/System/Library/PrivateFrameworks/Sharing.framework/Versions/A/Sharing
0x0000000003de0000 	/System/Library/Frameworks/CoreGraphics.framework/Versions/A/CoreGraphics
0x0000000003de0000 	/System/Library/Frameworks/CoreImage.framework/Versions/A/CoreImage
0x0000000003de0000 	/System/Library/Frameworks/CoreText.framework/Versions/A/CoreText
0x0000000003de0000 	/System/Library/Frameworks/ImageIO.framework/Versions/A/ImageIO
0x0000000003de0000 	/System/Library/PrivateFrameworks/Backup.framework/Versions/A/Backup
0x0000000003de0000 	/usr/lib/libextension.dylib
0x0000000003de0000 	/usr/lib/libarchive.2.dylib
0x0000000003de0000 	/System/Library/Frameworks/CFNetwork.framework/Versions/A/CFNetwork
0x0000000003de0000 	/System/Library/Frameworks/SystemConfiguration.framework/Versions/A/SystemConfiguration
0x0000000003de0000 	/usr/lib/libCRFSuite.dylib
0x0000000003de0000 	/usr/lib/libc++.1.dylib
0x0000000003de0000 	/usr/lib/libc++abi.dylib
0x0000000003de0000 	/usr/lib/system/libcache.dylib
0x0000000003de0000 	/usr/lib/system/libcommonCrypto.dylib
0x0000000003de0000 	/usr/lib/system/libcompiler_rt.dylib
0x0000000003de0000 	/usr/lib/system/libcopyfile.dylib
0x0000000003de0000 	/usr/lib/system/libcorecrypto.dylib
0x0000000003de0000 	/usr/lib/system/libdispatch.dylib
0x0000000003de0000 	/usr/lib/system/libdyld.dylib
0x0000000003de0000 	/usr/lib/system/libkeymgr.dylib
0x0000000003de0000 	/usr/lib/system/liblaunch.dylib
0x0000000003de0000 	/usr/lib/system/libmacho.dylib
0x0000000003de0000 	/usr/lib/system/libquarantine.dylib
0x0000000003de0000 	/usr/lib/system/libremovefile.dylib
0x0000000003de0000 	/usr/lib/system/libsystem_asl.dylib
0x0000000003de0000 	/usr/lib/system/libsystem_blocks.dylib
0x0000000003de0000 	/usr/lib/system/libsystem_c.dylib
0x0000000003de0000 	/usr/lib/system/libsystem_configuration.dylib
0x0000000003de0000 	/usr/lib/system/libsystem_coreservices.dylib
0x0000000003de0000 	/usr/lib/system/libsystem_coretls.dylib
0x0000000003de0000 	/usr/lib/system/libsystem_dnssd.dylib
0x0000000003de0000 	/usr/lib/system/libsystem_info.dylib
0x0000000003de0000 	/usr/lib/system/libsystem_kernel.dylib
0x0000000003de0000 	/usr/lib/system/libsystem_m.dylib
0x0000000003de0000 	/usr/lib/system/libsystem_malloc.dylib
0x0000000003de0000 	/usr/lib/system/libsystem_network.dylib
0x0000000003de0000 	/usr/lib/system/libsystem_networkextension.dylib
0x0000000003de0000 	/usr/lib/system/libsystem_notify.dylib
0x0000000003de0000 	/usr/lib/system/libsystem_platform.dylib
0x0000000003de0000 	/usr/lib/system/libsystem_pthread.dylib
0x0000000003de0000 	/usr/lib/system/libsystem_sandbox.dylib
0x0000000003de0000 	/usr/lib/system/libsystem_secinit.dylib
0x0000000003de0000 	/usr/lib/system/libsystem_trace.dylib
0x0000000003de0000 	/usr/lib/system/libunc.dylib
0x0000000003de0000 	/usr/lib/system/libunwind.dylib
0x0000000003de0000 	/usr/lib/system/libxpc.dylib
0x0000000003de0000 	/usr/lib/libenergytrace.dylib
0x0000000003de0000 	/usr/lib/libbsm.0.dylib
0x0000000003de0000 	/usr/lib/system/libkxld.dylib
0x0000000003de0000 	/usr/lib/libxar.1.dylib
0x0000000003de0000 	/usr/lib/libsqlite3.dylib
0x0000000003de0000 	/usr/lib/libpam.2.dylib
0x0000000003de0000 	/usr/lib/libOpenScriptingUtil.dylib
0x0000000003de0000 	/usr/lib/libbz2.1.0.dylib
0x0000000003de0000 	/usr/lib/liblzma.5.dylib
0x0000000003de0000 	/System/Library/Frameworks/CoreServices.framework/Versions/A/Frameworks/FSEvents.framework/Versions/A/FSEvents
0x0000000003de0000 	/System/Library/Frameworks/CoreServices.framework/Versions/A/Frameworks/CarbonCore.framework/Versions/A/CarbonCore
0x0000000003de0000 	/System/Library/Frameworks/CoreServices.framework/Versions/A/Frameworks/Metadata.framework/Versions/A/Metadata
0x0000000003de0000 	/System/Library/Frameworks/CoreServices.framework/Versions/A/Frameworks/OSServices.framework/Versions/A/OSServices
0x0000000003de0000 	/System/Library/Frameworks/CoreServices.framework/Versions/A/Frameworks/SearchKit.framework/Versions/A/SearchKit
0x0000000003de0000 	/System/Library/Frameworks/CoreServices.framework/Versions/A/Frameworks/AE.framework/Versions/A/AE
0x0000000003de0000 	/System/Library/Frameworks/CoreServices.framework/Versions/A/Frameworks/LaunchServices.framework/Versions/A/LaunchServices
0x0000000003de0000 	/System/Library/Frameworks/CoreServices.framework/Versions/A/Frameworks/DictionaryServices.framework/Versions/A/DictionaryServices
0x0000000003de0000 	/System/Library/Frameworks/CoreServices.framework/Versions/A/Frameworks/SharedFileList.framework/Versions/A/SharedFileList
0x0000000003de0000 	/System/Library/Frameworks/NetFS.framework/Versions/A/NetFS
0x0000000003de0000 	/System/Library/PrivateFrameworks/NetAuth.framework/Versions/A/NetAuth
0x0000000003de0000 	/System/Library/PrivateFrameworks/login.framework/Versions/A/Frameworks/loginsupport.framework/Versions/A/loginsupport
0x0000000003de0000 	/System/Library/PrivateFrameworks/TCC.framework/Versions/A/TCC
0x0000000003de0000 	/usr/lib/libmecabra.dylib
0x0000000003de0000 	/System/Library/Frameworks/ApplicationServices.framework/Versions/A/Frameworks/ATS.framework/Versions/A/ATS
0x0000000003de0000 	/System/Library/Frameworks/ApplicationServices.framework/Versions/A/Frameworks/ColorSync.framework/Versions/A/ColorSync
0x0000000003de0000 	/System/Library/Frameworks/ApplicationServices.framework/Versions/A/Frameworks/HIServices.framework/Versions/A/HIServices
0x0000000003de0000 	/System/Library/Frameworks/ApplicationServices.framework/Versions/A/Frameworks/LangAnalysis.framework/Versions/A/LangAnalysis
0x0000000003de0000 	/System/Library/Frameworks/ApplicationServices.framework/Versions/A/Frameworks/PrintCore.framework/Versions/A/PrintCore
0x0000000003de0000 	/System/Library/Frameworks/ApplicationServices.framework/Versions/A/Frameworks/QD.framework/Versions/A/QD
0x0000000003de0000 	/System/Library/Frameworks/ApplicationServices.framework/Versions/A/Frameworks/SpeechSynthesis.framework/Versions/A/SpeechSynthesis
0x0000000003de0000 	/System/Library/Frameworks/Metal.framework/Versions/A/Metal
0x0000000003de0000 	/System/Library/Frameworks/Accelerate.framework/Versions/A/Frameworks/vImage.framework/Versions/A/vImage
0x0000000003de0000 	/System/Library/Frameworks/Accelerate.framework/Versions/A/Frameworks/vecLib.framework/Versions/A/vecLib
0x0000000003de0000 	/System/Library/Frameworks/Accelerate.framework/Versions/A/Frameworks/vecLib.framework/Versions/A/libvDSP.dylib
0x0000000003de0000 	/System/Library/Frameworks/Accelerate.framework/Versions/A/Frameworks/vecLib.framework/Versions/A/libvMisc.dylib
0x0000000003de0000 	/System/Library/Frameworks/Accelerate.framework/Versions/A/Frameworks/vecLib.framework/Versions/A/libLAPACK.dylib
0x0000000003de0000 	/System/Library/Frameworks/Accelerate.framework/Versions/A/Frameworks/vecLib.framework/Versions/A/libBLAS.dylib
0x0000000003de0000 	/System/Library/Frameworks/Accelerate.framework/Versions/A/Frameworks/vecLib.framework/Versions/A/libLinearAlgebra.dylib
0x0000000003de0000 	/System/Library/Frameworks/Accelerate.framework/Versions/A/Frameworks/vecLib.framework/Versions/A/libSparseBLAS.dylib
0x0000000003de0000 	/System/Library/PrivateFrameworks/GPUCompiler.framework/libmetal_timestamp.dylib
0x0000000003de0000 	/System/Library/Frameworks/OpenGL.framework/Versions/A/Libraries/libCoreFSCache.dylib
0x0000000003de0000 	/System/Library/PrivateFrameworks/IOAccelerator.framework/Versions/A/IOAccelerator
0x0000000003de0000 	/System/Library/Frameworks/ApplicationServices.framework/Versions/A/Frameworks/ATS.framework/Versions/A/Resources/libFontParser.dylib
0x0000000003de0000 	/System/Library/Frameworks/ApplicationServices.framework/Versions/A/Frameworks/ATS.framework/Versions/A/Resources/libFontRegistry.dylib
0x0000000003de0000 	/System/Library/PrivateFrameworks/AppleVPA.framework/Versions/A/AppleVPA
0x0000000003de0000 	/System/Library/PrivateFrameworks/AppleJPEG.framework/Versions/A/AppleJPEG
0x0000000003de0000 	/System/Library/Frameworks/ImageIO.framework/Versions/A/Resources/libJPEG.dylib
0x0000000003de0000 	/System/Library/Frameworks/ImageIO.framework/Versions/A/Resources/libTIFF.dylib
0x0000000003de0000 	/System/Library/Frameworks/ImageIO.framework/Versions/A/Resources/libPng.dylib
0x0000000003de0000 	/System/Library/Frameworks/ImageIO.framework/Versions/A/Resources/libGIF.dylib
0x0000000003de0000 	/System/Library/Frameworks/ImageIO.framework/Versions/A/Resources/libJP2.dylib
0x0000000003de0000 	/System/Library/Frameworks/ImageIO.framework/Versions/A/Resources/libRadiance.dylib
0x0000000003de0000 	/System/Library/Frameworks/CoreVideo.framework/Versions/A/CoreVideo
0x0000000003de0000 	/System/Library/Frameworks/OpenGL.framework/Versions/A/Libraries/libGLU.dylib
0x0000000003de0000 	/System/Library/Frameworks/OpenGL.framework/Versions/A/Libraries/libGFXShared.dylib
0x0000000003de0000 	/System/Library/Frameworks/OpenGL.framework/Versions/A/Libraries/libGL.dylib
0x0000000003de0000 	/System/Library/Frameworks/OpenGL.framework/Versions/A/Libraries/libGLImage.dylib
0x0000000003de0000 	/System/Library/Frameworks/OpenGL.framework/Versions/A/Libraries/libCVMSPluginSupport.dylib
0x0000000003de0000 	/System/Library/Frameworks/OpenGL.framework/Versions/A/Libraries/libCoreVMClient.dylib
0x0000000003de0000 	/usr/lib/libcompression.dylib
0x0000000003de0000 	/usr/lib/libcups.2.dylib
0x0000000003de0000 	/System/Library/Frameworks/Kerberos.framework/Versions/A/Kerberos
0x0000000003de0000 	/System/Library/Frameworks/GSS.framework/Versions/A/GSS
0x0000000003de0000 	/usr/lib/libresolv.9.dylib
0x0000000003de0000 	/usr/lib/libiconv.2.dylib
0x0000000003de0000 	/System/Library/PrivateFrameworks/Heimdal.framework/Versions/A/Heimdal
0x0000000003de0000 	/usr/lib/libheimdal-asn1.dylib
0x0000000003de0000 	/System/Library/Frameworks/OpenDirectory.framework/Versions/A/OpenDirectory
0x0000000003de0000 	/System/Library/PrivateFrameworks/CommonAuth.framework/Versions/A/CommonAuth
0x0000000003de0000 	/System/Library/Frameworks/OpenDirectory.framework/Versions/A/Frameworks/CFOpenDirectory.framework/Versions/A/CFOpenDirectory
0x0000000003de0000 	/System/Library/Frameworks/SecurityFoundation.framework/Versions/A/SecurityFoundation
0x0000000003de0000 	/System/Library/PrivateFrameworks/LanguageModeling.framework/Versions/A/LanguageModeling
0x0000000003de0000 	/usr/lib/libmarisa.dylib
0x0000000003de0000 	/usr/lib/libChineseTokenizer.dylib
0x0000000003de0000 	/usr/lib/libcmph.dylib
0x0000000003de0000 	/System/Library/Frameworks/ServiceManagement.framework/Versions/A/ServiceManagement
0x0000000003de0000 	/usr/lib/libxslt.1.dylib
0x0000000003de0000 	/System/Library/Frameworks/Carbon.framework/Versions/A/Frameworks/Ink.framework/Versions/A/Ink
0x0000000003de0000 	/usr/lib/libFosl_dynamic.dylib
0x0000000003de0000 	/System/Library/PrivateFrameworks/FaceCore.framework/Versions/A/FaceCore
0x0000000003de0000 	/System/Library/Frameworks/OpenCL.framework/Versions/A/OpenCL
0x0000000003de0000 	/System/Library/PrivateFrameworks/CrashReporterSupport.framework/Versions/A/CrashReporterSupport
0x0000000003de0000 	/System/Library/PrivateFrameworks/IconServices.framework/Versions/A/IconServices
0x0000000003de0000 	/System/Library/PrivateFrameworks/Apple80211.framework/Versions/A/Apple80211
0x0000000003de0000 	/System/Library/Frameworks/CoreWLAN.framework/Versions/A/CoreWLAN
0x0000000003de0000 	/System/Library/Frameworks/IOBluetooth.framework/Versions/A/IOBluetooth
0x0000000003de0000 	/System/Library/PrivateFrameworks/CoreWiFi.framework/Versions/A/CoreWiFi
0x0000000003de0000 	/System/Library/Frameworks/CoreBluetooth.framework/Versions/A/CoreBluetooth
0x0000000003de0000 	/System/Library/PrivateFrameworks/ChunkingLibrary.framework/Versions/A/ChunkingLibrary
0x0000000003de0000 	/System/Library/PrivateFrameworks/DebugSymbols.framework/Versions/A/DebugSymbols
0x0000000003de0000 	/System/Library/PrivateFrameworks/CoreSymbolication.framework/Versions/A/CoreSymbolication
0x0000000003de0000 	/System/Library/PrivateFrameworks/Symbolication.framework/Versions/A/Symbolication
0x0000000003de0000 	/System/Library/PrivateFrameworks/SpeechRecognitionCore.framework/Versions/A/SpeechRecognitionCore
0x00000001000b8000 	/Applications/exelis/idl83/idlde/plugins/org.eclipse.equinox.launcher.cocoa.macosx.x86_64_1.1.101.v20120109-1504/eclipse_1408.so
0x0000000003de0000 	/System/Library/PrivateFrameworks/CoreServicesInternal.framework/Versions/A/CoreServicesInternal
0x000000010519f000 	/Applications/exelis/idl83/idlde/bin.darwin.x86_64/jre/lib/server/libjvm.dylib
0x0000000003de0000 	/usr/lib/libstdc++.6.dylib
0x0000000100714000 	/Applications/exelis/idl83/idlde/bin.darwin.x86_64/jre/lib/libverify.dylib
0x0000000100721000 	/Applications/exelis/idl83/idlde/bin.darwin.x86_64/jre/lib/libjava.dylib
0x000000010075a000 	/Applications/exelis/idl83/idlde/bin.darwin.x86_64/jre/lib/libzip.dylib
0x000000010cd80000 	/System/Library/Frameworks/JavaVM.framework/Frameworks/JavaRuntimeSupport.framework/JavaRuntimeSupport
0x000000010cd9b000 	/System/Library/Frameworks/JavaVM.framework/Versions/A/Frameworks/JavaNativeFoundation.framework/Versions/A/JavaNativeFoundation
0x00000001007ec000 	/System/Library/Frameworks/JavaVM.framework/Versions/A/JavaVM
0x0000000003de0000 	/System/Library/Frameworks/Carbon.framework/Versions/A/Carbon
0x000000010cdb0000 	/System/Library/PrivateFrameworks/JavaLaunching.framework/Versions/A/JavaLaunching
0x0000000003de0000 	/System/Library/Frameworks/Carbon.framework/Versions/A/Frameworks/CommonPanels.framework/Versions/A/CommonPanels
0x0000000003de0000 	/System/Library/Frameworks/Carbon.framework/Versions/A/Frameworks/Help.framework/Versions/A/Help
0x0000000003de0000 	/System/Library/Frameworks/Carbon.framework/Versions/A/Frameworks/ImageCapture.framework/Versions/A/ImageCapture
0x0000000003de0000 	/System/Library/Frameworks/Carbon.framework/Versions/A/Frameworks/OpenScripting.framework/Versions/A/OpenScripting
0x0000000003de0000 	/System/Library/Frameworks/Carbon.framework/Versions/A/Frameworks/Print.framework/Versions/A/Print
0x0000000003de0000 	/System/Library/Frameworks/Carbon.framework/Versions/A/Frameworks/SecurityHI.framework/Versions/A/SecurityHI
0x000000010cdf9000 	/System/Library/CoreServices/RawCamera.bundle/Contents/MacOS/RawCamera
0x0000000003de0000 	/System/Library/PrivateFrameworks/FamilyControls.framework/Versions/A/FamilyControls
0x0000000003de0000 	/System/Library/PrivateFrameworks/CommerceKit.framework/Versions/A/Frameworks/CommerceCore.framework/Versions/A/CommerceCore
0x0000000003de0000 	/System/Library/PrivateFrameworks/SystemAdministration.framework/Versions/A/SystemAdministration
0x0000000003de0000 	/System/Library/PrivateFrameworks/AppContainer.framework/Versions/A/AppContainer
0x0000000003de0000 	/System/Library/PrivateFrameworks/SecCodeWrapper.framework/Versions/A/SecCodeWrapper
0x0000000003de0000 	/System/Library/Frameworks/DirectoryService.framework/Versions/A/DirectoryService
0x0000000003de0000 	/System/Library/PrivateFrameworks/DiskImages.framework/Versions/A/DiskImages
0x0000000003de0000 	/System/Library/PrivateFrameworks/LoginUIKit.framework/Versions/A/Frameworks/LoginUICore.framework/Versions/A/LoginUICore
0x0000000003de0000 	/usr/lib/libCoreStorage.dylib
0x0000000003de0000 	/usr/lib/libcsfde.dylib
0x0000000003de0000 	/usr/lib/libodfde.dylib
0x0000000003de0000 	/System/Library/Frameworks/DiscRecording.framework/Versions/A/DiscRecording
0x000000010e1fd000 	/Applications/exelis/idl83/bin/bin.darwin.x86_64/libcurl.4.dylib
0x0000000003de0000 	/System/Library/PrivateFrameworks/MediaKit.framework/Versions/A/MediaKit
0x0000000003de0000 	/System/Library/PrivateFrameworks/ProtectedCloudStorage.framework/Versions/A/ProtectedCloudStorage
0x0000000003de0000 	/System/Library/PrivateFrameworks/EFILogin.framework/Versions/A/EFILogin
0x0000000003de0000 	/usr/lib/libutil.dylib
0x0000000003de0000 	/System/Library/PrivateFrameworks/FindMyDevice.framework/Versions/A/FindMyDevice
0x0000000003de0000 	/System/Library/Frameworks/CoreGraphics.framework/Versions/A/Resources/libRIP.A.dylib
0x000000010e4c6000 	/System/Library/Frameworks/Accelerate.framework/Frameworks/vImage.framework/Versions/A/Libraries/libCGInterfaces.dylib
0x000000010e6a5000 	/Applications/exelis/idl83/idlde/bin.darwin.x86_64/jre/lib/libnet.dylib
0x000000010e6ba000 	/Applications/exelis/idl83/idlde/bin.darwin.x86_64/jre/lib/libnio.dylib
0x000000010ee00000 	/Users/ryanmaguire/.swt/lib/macosx/x86_64/libswt-cocoa-3740.jnilib
0x0000000003de0000 	/System/Library/Frameworks/WebKit.framework/Versions/A/WebKit
0x0000000003de0000 	/System/Library/Frameworks/JavaScriptCore.framework/Versions/A/JavaScriptCore
0x0000000003de0000 	/System/Library/Frameworks/SecurityInterface.framework/Versions/A/SecurityInterface
0x0000000003de0000 	/System/Library/Frameworks/WebKit.framework/Versions/A/Frameworks/WebKitLegacy.framework/Versions/A/WebKitLegacy
0x0000000003de0000 	/System/Library/Frameworks/WebKit.framework/Versions/A/Frameworks/WebCore.framework/Versions/A/WebCore
0x000000010e9b1000 	/Users/ryanmaguire/.swt/lib/macosx/x86_64/libswt-pi-cocoa-3740.jnilib
0x0000000003de0000 	/System/Library/Frameworks/CoreGraphics.framework/Versions/A/Resources/libCGXType.A.dylib
0x000000010fb8a000 	/Applications/exelis/idl83/bin/bin.darwin.x86_64/libidl_ips.8.3.dylib
0x000000010fe00000 	/Applications/exelis/idl83/bin/bin.darwin.x86_64/libidl.8.3.dylib
0x0000000110a02000 	/opt/X11/lib/libfreetype.6.dylib
0x000000010f0a1000 	/Applications/exelis/idl83/bin/bin.darwin.x86_64/libMesaGLU6_2.dylib
0x0000000110a9b000 	/Applications/exelis/idl83/bin/bin.darwin.x86_64/libMesaGL6_2.dylib
0x000000010eb00000 	/Applications/exelis/idl83/bin/bin.darwin.x86_64/libOSMesa6_2.dylib
0x000000010ecf5000 	/opt/X11/lib/libXp.6.dylib
0x0000000110cdd000 	/Applications/exelis/idl83/bin/bin.darwin.x86_64/libXm.3.0.2.dylib
0x000000010ef3b000 	/opt/X11/lib/libXpm.4.dylib
0x00000001110ec000 	/opt/X11/lib/libXmu.6.dylib
0x000000010ef4e000 	/opt/X11/lib/libXext.6.dylib
0x0000000111107000 	/opt/X11/lib/libXt.6.dylib
0x000000010e9f9000 	/opt/X11/lib/libXinerama.1.dylib
0x000000010f0cb000 	/opt/X11/lib/libSM.6.dylib
0x0000000111166000 	/opt/X11/lib/libICE.6.dylib
0x0000000111183000 	/opt/X11/lib/libX11.6.dylib
0x00000001112b4000 	/opt/X11/lib/libxcb.1.dylib
0x000000010eb0a000 	/opt/X11/lib/libXau.6.dylib
0x000000010fbe8000 	/opt/X11/lib/libXdmcp.6.dylib
0x000000010ebea000 	/Applications/exelis/idl83/bin/bin.darwin.x86_64/gl_driver.so
0x0000000111a18000 	/opt/X11/lib/libGL.1.dylib
0x000000010ec3a000 	/opt/X11/lib/libXplugin.1.dylib
0x0000000111341000 	/opt/X11/lib/libglapi.0.dylib
0x000000010ec52000 	/opt/X11/lib/libXdamage.1.dylib
0x000000010fbf1000 	/opt/X11/lib/libXfixes.3.dylib
0x000000010ec58000 	/opt/X11/lib/libX11-xcb.1.dylib
0x0000000111396000 	/opt/X11/lib/libxcb-glx.0.dylib
0x000000010ecad000 	/opt/X11/lib/libXxf86vm.1.dylib
0x00000001113b2000 	/usr/lib/libexpat.1.dylib
0x0000000003de0000 	/System/Library/Frameworks/CoreGraphics.framework/Versions/A/Resources/libCGXCoreImage.A.dylib
0x0000000003de0000 	/System/Library/Frameworks/OpenCL.framework/Versions/A/Libraries/libcldcpuengine.dylib
0x000000010e8c6000 	cl_kernels
0x0000000003de0000 	/System/Library/Frameworks/OpenCL.framework/Versions/A/Libraries/ImageFormats/unorm8_bgra.dylib
0x000000010e59a000 	cl_kernels
0x0000000003de0000 	/System/Library/Frameworks/OpenCL.framework/Versions/A/Libraries/ImageFormats/unorm8_rgba.dylib
0x0000000003de0000 	/System/Library/PrivateFrameworks/CloudDocs.framework/Versions/A/CloudDocs
0x0000000003de0000 	/System/Library/PrivateFrameworks/CoreDuet.framework/Versions/A/CoreDuet
0x0000000003de0000 	/System/Library/Frameworks/CloudKit.framework/Versions/A/CloudKit
0x0000000003de0000 	/System/Library/PrivateFrameworks/ProtocolBuffer.framework/Versions/A/ProtocolBuffer
0x0000000003de0000 	/System/Library/PrivateFrameworks/CoreDuetDaemonProtocol.framework/Versions/A/CoreDuetDaemonProtocol
0x0000000003de0000 	/System/Library/PrivateFrameworks/CoreDuetDebugLogging.framework/Versions/A/CoreDuetDebugLogging
0x0000000003de0000 	/System/Library/PrivateFrameworks/MMCS.framework/Versions/A/MMCS
0x0000000003de0000 	/System/Library/Frameworks/CoreLocation.framework/Versions/A/CoreLocation
0x0000000003de0000 	/System/Library/PrivateFrameworks/AssetCacheServices.framework/Versions/A/AssetCacheServices
0x0000000003de0000 	/System/Library/PrivateFrameworks/GeoServices.framework/Versions/A/GeoServices
0x0000000113242000 	/System/Library/Extensions/AppleIntelHD4000GraphicsMTLDriver.bundle/Contents/MacOS/AppleIntelHD4000GraphicsMTLDriver
0x0000000113326000 	/System/Library/Frameworks/OpenGL.framework/Resources/GLEngine.bundle/GLEngine
0x0000000003de0000 	/System/Library/Frameworks/OpenGL.framework/Versions/A/Libraries/libGLProgrammability.dylib
0x0000000115002000 	/System/Library/Extensions/AppleIntelHD4000GraphicsGLDriver.bundle/Contents/MacOS/AppleIntelHD4000GraphicsGLDriver
0x0000000003de0000 	/System/Library/PrivateFrameworks/GPUSupport.framework/Versions/A/Libraries/libGPUSupportMercury.dylib
0x000000010ecb4000 	/System/Library/Frameworks/OpenGL.framework/Resources//GLRendererFloat.bundle/GLRendererFloat
0x000000010e93e000 	cl_kernels
0x0000000003de0000 	/System/Library/PrivateFrameworks/FinderKit.framework/Versions/A/FinderKit
0x0000000003de0000 	/System/Library/Frameworks/Quartz.framework/Versions/A/Frameworks/QuickLookUI.framework/Versions/A/QuickLookUI
0x0000000003de0000 	/System/Library/Frameworks/Quartz.framework/Versions/A/Frameworks/ImageKit.framework/Versions/A/ImageKit
0x0000000003de0000 	/System/Library/PrivateFrameworks/Bom.framework/Versions/A/Bom
0x0000000003de0000 	/System/Library/Frameworks/QuickLook.framework/Versions/A/QuickLook
0x0000000003de0000 	/System/Library/PrivateFrameworks/Suggestions.framework/Versions/A/Suggestions
0x0000000003de0000 	/System/Library/PrivateFrameworks/AppleSystemInfo.framework/Versions/A/AppleSystemInfo
0x0000000003de0000 	/System/Library/Frameworks/ImageCaptureCore.framework/Versions/A/ImageCaptureCore
0x0000000003de0000 	/System/Library/PrivateFrameworks/SafariServices.framework/Versions/A/SafariServices
0x0000000003de0000 	/usr/lib/libspindump.dylib
0x0000000003de0000 	/System/Library/Frameworks/QTKit.framework/Versions/A/QTKit
0x0000000003de0000 	/System/Library/Frameworks/AVFoundation.framework/Versions/A/AVFoundation
0x0000000003de0000 	/System/Library/Frameworks/CoreMedia.framework/Versions/A/CoreMedia
0x0000000003de0000 	/System/Library/Frameworks/MediaToolbox.framework/Versions/A/MediaToolbox
0x0000000003de0000 	/System/Library/Frameworks/VideoToolbox.framework/Versions/A/VideoToolbox
0x0000000003de0000 	/System/Library/PrivateFrameworks/CoreMediaAuthoring.framework/Versions/A/CoreMediaAuthoring
0x0000000003de0000 	/System/Library/Frameworks/CoreMediaIO.framework/Versions/A/CoreMediaIO
0x0000000003de0000 	/System/Library/Frameworks/AVFoundation.framework/Versions/A/Resources/libAVFAudio.dylib
0x0000000003de0000 	/System/Library/PrivateFrameworks/CoreAVCHD.framework/Versions/A/CoreAVCHD
0x0000000003de0000 	/System/Library/Frameworks/MediaAccessibility.framework/Versions/A/MediaAccessibility
0x0000000003de0000 	/System/Library/PrivateFrameworks/Mangrove.framework/Versions/A/Mangrove
0x0000000003de0000 	/System/Library/PrivateFrameworks/CoreAUC.framework/Versions/A/CoreAUC
0x0000000003de0000 	/System/Library/PrivateFrameworks/AppleVA.framework/Versions/A/AppleVA
0x0000000003de0000 	/System/Library/PrivateFrameworks/XPCService.framework/Versions/A/XPCService
0x0000000003de0000 	/System/Library/PrivateFrameworks/AppSandbox.framework/Versions/A/AppSandbox
0x0000000003de0000 	/usr/lib/libsandbox.1.dylib
0x0000000003de0000 	/usr/lib/libMatch.1.dylib
0x0000000003de0000 	/System/Library/PrivateFrameworks/DisplayServices.framework/Versions/A/DisplayServices
0x0000000003de0000 	/System/Library/Frameworks/Quartz.framework/Versions/A/Frameworks/PDFKit.framework/Versions/A/PDFKit
0x0000000003de0000 	/System/Library/Frameworks/Quartz.framework/Versions/A/Frameworks/QuartzComposer.framework/Versions/A/QuartzComposer
0x0000000003de0000 	/System/Library/Frameworks/Quartz.framework/Versions/A/Frameworks/QuartzFilters.framework/Versions/A/QuartzFilters
0x0000000003de0000 	/System/Library/PrivateFrameworks/CorePDF.framework/Versions/A/CorePDF
0x0000000003de0000 	/System/Library/PrivateFrameworks/AppleFSCompression.framework/Versions/A/AppleFSCompression
0x0000000003de0000 	/System/Library/Frameworks/AddressBook.framework/Versions/A/AddressBook
0x0000000003de0000 	/System/Library/PrivateFrameworks/ContactsPersistence.framework/Versions/A/ContactsPersistence
0x0000000003de0000 	/System/Library/PrivateFrameworks/ContactsFoundation.framework/Versions/A/ContactsFoundation
0x0000000003de0000 	/System/Library/PrivateFrameworks/vCard.framework/Versions/A/vCard
0x0000000003de0000 	/System/Library/PrivateFrameworks/IntlPreferences.framework/Versions/A/IntlPreferences
0x0000000003de0000 	/System/Library/PrivateFrameworks/ToneLibrary.framework/Versions/A/ToneLibrary
0x0000000003de0000 	/System/Library/PrivateFrameworks/ToneKit.framework/Versions/A/ToneKit
0x0000000003de0000 	/System/Library/PrivateFrameworks/ApplePushService.framework/Versions/A/ApplePushService
0x0000000003de0000 	/System/Library/PrivateFrameworks/PhoneNumbers.framework/Versions/A/PhoneNumbers
0x0000000003de0000 	/System/Library/PrivateFrameworks/ViewBridge.framework/Versions/A/ViewBridge
0x0000000003de0000 	/System/Library/Frameworks/Quartz.framework/Versions/A/Quartz
0x0000000003de0000 	/System/Library/Frameworks/LDAP.framework/Versions/A/LDAP
0x0000000003de0000 	/System/Library/PrivateFrameworks/CoreDaemon.framework/Versions/B/CoreDaemon
0x0000000003de0000 	/usr/lib/libcrypto.0.9.8.dylib
0x0000000003de0000 	/System/Library/PrivateFrameworks/AppleSRP.framework/Versions/A/AppleSRP
0x0000000003de0000 	/System/Library/PrivateFrameworks/TrustEvaluationAgent.framework/Versions/A/TrustEvaluationAgent
0x0000000003de0000 	/usr/lib/libsasl2.2.dylib
0x0000000003de0000 	/System/Library/PrivateFrameworks/PlugInKit.framework/Versions/A/PlugInKit
0x0000000003de0000 	/System/Library/PrivateFrameworks/CacheDelete.framework/Versions/A/CacheDelete
0x0000000116293000 	/System/Library/Frameworks/Security.framework/PlugIns/csparser.bundle/Contents/MacOS/csparser
0x0000000003de0000 	/System/Library/PrivateFrameworks/Shortcut.framework/Versions/A/Shortcut
0x0000000003de0000 	/System/Library/PrivateFrameworks/HelpData.framework/Versions/A/HelpData
0x0000000003de0000 	/usr/lib/libtidy.A.dylib
0x0000000003de0000 	/System/Library/PrivateFrameworks/DataDetectors.framework/Versions/A/DataDetectors

VM Arguments:
jvm_args: -Dosgi.instance.area.default=@user.home/IDLWorkspace83 -Dosgi.configuration.area=@user.home/.idl/idlworkbench-config-idl8.3.0_x86_64 -Dosgi.configuration.cascaded=true -Dosgi.checkConfiguration=true -Dosgi.sharedConfiguration.area.readOnly=true -Dorg.eclipse.update.reconcile=false -Declipse.p2.data.area=@config.dir/p2 -XstartOnFirstThread -Xdock:icon=../Resources/idlde.icns -Dorg.eclipse.swt.internal.carbon.smallFonts -Dosgi.sharedConfiguration.area=../../../configuration.darwin.x86_64 -Xms128m -Xmx1024m 
java_command: <unknown>
Launcher Type: generic

Environment Variables:
CLASSPATH=.:/Applications/exelis/idl83/resource/bridges/export/java/javaidlb.jar
PATH=/usr/bin:/bin:/usr/sbin:/sbin
LD_LIBRARY_PATH=/Applications/exelis/idl83/idlde/bin.darwin.x86_64/jre/lib/server:/Applications/exelis/idl83/idlde/bin.darwin.x86_64/jre/lib:
SHELL=/bin/bash
DISPLAY=/private/tmp/com.apple.launchd.wq1o10IVX3/org.macosforge.xquartz:0
DYLD_LIBRARY_PATH=/Applications/exelis/idl83/bin/bin.darwin.x86_64
DYLD_FALLBACK_LIBRARY_PATH=/Applications/exelis/idl83/idlde/bin.darwin.x86_64/jre/lib/server:/Applications/exelis/idl83/idlde/bin.darwin.x86_64/jre/lib:

Signal Handlers:
SIGSEGV: [libjvm.dylib+0x4a820f], sa_mask[0]=0xfffefeff, sa_flags=0x00000042
SIGBUS: [libjvm.dylib+0x4a820f], sa_mask[0]=0xfffefeff, sa_flags=0x00000042
SIGFPE: [libjvm.dylib+0x3b7495], sa_mask[0]=0xfffefeff, sa_flags=0x00000042
SIGPIPE: SIG_IGN, sa_mask[0]=0x00000000, sa_flags=0x00000002
SIGXFSZ: [libjvm.dylib+0x3b7495], sa_mask[0]=0xfffefeff, sa_flags=0x00000042
SIGILL: [libjvm.dylib+0x3b7495], sa_mask[0]=0xfffefeff, sa_flags=0x00000042
SIGUSR1: SIG_DFL, sa_mask[0]=0x00000000, sa_flags=0x00000000
SIGUSR2: [libjvm.dylib+0x3b702e], sa_mask[0]=0x00000000, sa_flags=0x00000042
SIGHUP: [libjvm.dylib+0x3b528f], sa_mask[0]=0xfffefeff, sa_flags=0x00000042
SIGINT: [libidl.8.3.dylib+0x483ae0], sa_mask[0]=0x00000000, sa_flags=0x00000002
SIGTERM: [libjvm.dylib+0x3b528f], sa_mask[0]=0xfffefeff, sa_flags=0x00000042
SIGQUIT: [libjvm.dylib+0x3b528f], sa_mask[0]=0xfffefeff, sa_flags=0x00000042


---------------  S Y S T E M  ---------------

OS:Bsduname:Darwin 15.6.0 Darwin Kernel Version 15.6.0: Thu Jun 23 18:25:34 PDT 2016; root:xnu-3248.60.10~1/RELEASE_X86_64 x86_64
rlimit: STACK 8192k, CORE 0k, NPROC 709, NOFILE 1024, AS infinity
load average:1.91 1.63 1.49

CPU:total 4 (2 cores per cpu, 2 threads per core) family 6 model 58 stepping 9, cmov, cx8, fxsr, mmx, sse, sse2, sse3, ssse3, sse4.1, sse4.2, popcnt, avx, ht, tsc, tscinvbit, tscinv

Memory: 4k page, physical 137435519508k(34358879877k free)

/proc/meminfo:


vm_info: Java HotSpot(TM) 64-Bit Server VM (23.25-b01) for bsd-amd64 JRE (1.7.0_25-b15), built on Jun  5 2013 22:26:36 by "java_re" with gcc 4.2.1 (Based on Apple Inc. build 5658) (LLVM build 2336.11.00)

time: Tue Aug  9 11:43:30 2016
elapsed time: 413 seconds

